[    0.000000] Initializing cgroup subsys cpuset
[    0.000000] Initializing cgroup subsys cpu
[    0.000000] Initializing cgroup subsys cpuacct
[    0.000000] Linux version 4.4.0-83-generic (buildd@lgw01-29) (gcc version 5.4.0 20160609 (Ubuntu 5.4.0-6ubuntu1~16.04.4) ) #106-Ubuntu SMP Mon Jun 26 17:54:43 UTC 2017 (Ubuntu 4.4.0-83.106-generic 4.4.70)
[    0.000000] Command line: BOOT_IMAGE=/boot/vmlinuz-4.4.0-83-generic root=LABEL=cloudimg-rootfs ro console=tty1 console=ttyS0
[    0.000000] KERNEL supported cpus:
[    0.000000]   Intel GenuineIntel
[    0.000000]   AMD AuthenticAMD
[    0.000000]   Centaur CentaurHauls
[    0.000000] x86/fpu: xstate_offset[2]:  576, xstate_sizes[2]:  256
[    0.000000] x86/fpu: Supporting XSAVE feature 0x01: 'x87 floating point registers'
[    0.000000] x86/fpu: Supporting XSAVE feature 0x02: 'SSE registers'
[    0.000000] x86/fpu: Supporting XSAVE feature 0x04: 'AVX registers'
[    0.000000] x86/fpu: Enabled xstate features 0x7, context size is 832 bytes, using 'standard' format.
[    0.000000] x86/fpu: Using 'lazy' FPU context switches.
[    0.000000] e820: BIOS-provided physical RAM map:
[    0.000000] BIOS-e820: [mem 0x0000000000000000-0x000000000009fbff] usable
[    0.000000] BIOS-e820: [mem 0x000000000009fc00-0x000000000009ffff] reserved
[    0.000000] BIOS-e820: [mem 0x00000000000f0000-0x00000000000fffff] reserved
[    0.000000] BIOS-e820: [mem 0x0000000000100000-0x000000003ffeffff] usable
[    0.000000] BIOS-e820: [mem 0x000000003fff0000-0x000000003fffffff] ACPI data
[    0.000000] BIOS-e820: [mem 0x00000000fec00000-0x00000000fec00fff] reserved
[    0.000000] BIOS-e820: [mem 0x00000000fee00000-0x00000000fee00fff] reserved
[    0.000000] BIOS-e820: [mem 0x00000000fffc0000-0x00000000ffffffff] reserved
[    0.000000] NX (Execute Disable) protection: active
[    0.000000] SMBIOS 2.5 present.
[    0.000000] Hypervisor detected: KVM
[    0.000000] e820: last_pfn = 0x3fff0 max_arch_pfn = 0x400000000
[    0.000000] MTRR: Disabled
[    0.000000] x86/PAT: MTRRs disabled, skipping PAT initialization too.
[    0.000000] x86/PAT: Configuration [0-7]: WB  WT  UC- UC  WB  WT  UC- UC  
[    0.000000] CPU MTRRs all blank - virtualized system.
[    0.000000] found SMP MP-table at [mem 0x0009fff0-0x0009ffff] mapped at [ffff88000009fff0]
[    0.000000] Scanning 1 areas for low memory corruption
[    0.000000] RAMDISK: [mem 0x36aca000-0x3755cfff]
[    0.000000] ACPI: Early table checksum verification disabled
[    0.000000] ACPI: RSDP 0x00000000000E0000 000024 (v02 VBOX  )
[    0.000000] ACPI: XSDT 0x000000003FFF0030 00003C (v01 VBOX   VBOXXSDT 00000001 ASL  00000061)
[    0.000000] ACPI: FACP 0x000000003FFF00F0 0000F4 (v04 VBOX   VBOXFACP 00000001 ASL  00000061)
[    0.000000] ACPI: DSDT 0x000000003FFF0470 0021C8 (v02 VBOX   VBOXBIOS 00000002 INTL 20100528)
[    0.000000] ACPI: FACS 0x000000003FFF0200 000040
[    0.000000] ACPI: FACS 0x000000003FFF0200 000040
[    0.000000] ACPI: APIC 0x000000003FFF0240 00005C (v02 VBOX   VBOXAPIC 00000001 ASL  00000061)
[    0.000000] ACPI: SSDT 0x000000003FFF02A0 0001CC (v01 VBOX   VBOXCPUT 00000002 INTL 20100528)
[    0.000000] No NUMA configuration found
[    0.000000] Faking a node at [mem 0x0000000000000000-0x000000003ffeffff]
[    0.000000] NODE_DATA(0) allocated [mem 0x3ffeb000-0x3ffeffff]
[    0.000000] kvm-clock: Using msrs 4b564d01 and 4b564d00
[    0.000000] kvm-clock: cpu 0, msr 0:3ffe3001, primary cpu clock
[    0.000000] kvm-clock: using sched offset of 3160909992 cycles
[    0.000000] clocksource: kvm-clock: mask: 0xffffffffffffffff max_cycles: 0x1cd42e4dffb, max_idle_ns: 881590591483 ns
[    0.000000] Zone ranges:
[    0.000000]   DMA      [mem 0x0000000000001000-0x0000000000ffffff]
[    0.000000]   DMA32    [mem 0x0000000001000000-0x000000003ffeffff]
[    0.000000]   Normal   empty
[    0.000000]   Device   empty
[    0.000000] Movable zone start for each node
[    0.000000] Early memory node ranges
[    0.000000]   node   0: [mem 0x0000000000001000-0x000000000009efff]
[    0.000000]   node   0: [mem 0x0000000000100000-0x000000003ffeffff]
[    0.000000] Initmem setup node 0 [mem 0x0000000000001000-0x000000003ffeffff]
[    0.000000] ACPI: PM-Timer IO Port: 0x4008
[    0.000000] IOAPIC[0]: apic_id 2, version 32, address 0xfec00000, GSI 0-23
[    0.000000] ACPI: INT_SRC_OVR (bus 0 bus_irq 0 global_irq 2 dfl dfl)
[    0.000000] ACPI: INT_SRC_OVR (bus 0 bus_irq 9 global_irq 9 high level)
[    0.000000] Using ACPI (MADT) for SMP configuration information
[    0.000000] smpboot: Allowing 2 CPUs, 0 hotplug CPUs
[    0.000000] PM: Registered nosave memory: [mem 0x00000000-0x00000fff]
[    0.000000] PM: Registered nosave memory: [mem 0x0009f000-0x0009ffff]
[    0.000000] PM: Registered nosave memory: [mem 0x000a0000-0x000effff]
[    0.000000] PM: Registered nosave memory: [mem 0x000f0000-0x000fffff]
[    0.000000] e820: [mem 0x40000000-0xfebfffff] available for PCI devices
[    0.000000] Booting paravirtualized kernel on KVM
[    0.000000] clocksource: refined-jiffies: mask: 0xffffffff max_cycles: 0xffffffff, max_idle_ns: 7645519600211568 ns
[    0.000000] setup_percpu: NR_CPUS:512 nr_cpumask_bits:512 nr_cpu_ids:2 nr_node_ids:1
[    0.000000] PERCPU: Embedded 33 pages/cpu @ffff88003fc00000 s98264 r8192 d28712 u1048576
[    0.000000] PV qspinlock hash table entries: 256 (order: 0, 4096 bytes)
[    0.000000] Built 1 zonelists in Node order, mobility grouping on.  Total pages: 257913
[    0.000000] Policy zone: DMA32
[    0.000000] Kernel command line: BOOT_IMAGE=/boot/vmlinuz-4.4.0-83-generic root=LABEL=cloudimg-rootfs ro console=tty1 console=ttyS0
[    0.000000] PID hash table entries: 4096 (order: 3, 32768 bytes)
[    0.000000] Memory: 1001748K/1048120K available (8469K kernel code, 1294K rwdata, 3984K rodata, 1488K init, 1316K bss, 46372K reserved, 0K cma-reserved)
[    0.000000] SLUB: HWalign=64, Order=0-3, MinObjects=0, CPUs=2, Nodes=1
[    0.000000] Hierarchical RCU implementation.
[    0.000000] 	Build-time adjustment of leaf fanout to 64.
[    0.000000] 	RCU restricting CPUs from NR_CPUS=512 to nr_cpu_ids=2.
[    0.000000] RCU: Adjusting geometry for rcu_fanout_leaf=64, nr_cpu_ids=2
[    0.000000] NR_IRQS:33024 nr_irqs:440 16
[    0.000000] Console: colour VGA+ 80x25
[    0.000000] console [tty1] enabled
[    0.000000] console [ttyS0] enabled
[    0.000000] tsc: Detected 2793.634 MHz processor
[    2.881883] Calibrating delay loop (skipped) preset value.. 5587.26 BogoMIPS (lpj=11174536)
[    2.927321] pid_max: default: 32768 minimum: 301
[    2.945421] ACPI: Core revision 20150930
[    2.947021] ACPI: 2 ACPI AML tables successfully acquired and loaded
[    2.964943] Security Framework initialized
[    2.979672] Yama: becoming mindful.
[    2.992770] AppArmor: AppArmor initialized
[    3.013300] Dentry cache hash table entries: 131072 (order: 8, 1048576 bytes)
[    3.057019] Inode-cache hash table entries: 65536 (order: 7, 524288 bytes)
[    3.075128] Mount-cache hash table entries: 2048 (order: 2, 16384 bytes)
[    3.081796] Mountpoint-cache hash table entries: 2048 (order: 2, 16384 bytes)
[    3.108668] Initializing cgroup subsys io
[    3.115030] Initializing cgroup subsys memory
[    3.131563] Initializing cgroup subsys devices
[    3.138051] Initializing cgroup subsys freezer
[    3.187805] Initializing cgroup subsys net_cls
[    3.202961] Initializing cgroup subsys perf_event
[    3.211629] Initializing cgroup subsys net_prio
[    3.239173] Initializing cgroup subsys hugetlb
[    3.240056] Initializing cgroup subsys pids
[    3.240972] CPU: Physical Processor ID: 0
[    3.241778] CPU: Processor Core ID: 0
[    3.242907] mce: CPU supports 0 MCE banks
[    3.275685] Last level iTLB entries: 4KB 512, 2MB 8, 4MB 8
[    3.282189] Last level dTLB entries: 4KB 512, 2MB 32, 4MB 32, 1GB 0
[    3.322461] Freeing SMP alternatives memory: 32K (ffffffff820b9000 - ffffffff820c1000)
[    3.360776] ftrace: allocating 32129 entries in 126 pages
[    3.411132] smpboot: APIC(0) Converting physical 0 to logical package 0
[    3.473698] smpboot: Max logical packages: 1
[    3.533073] x2apic enabled
[    3.544872] Switched APIC routing to physical x2apic.
[    3.609366] ..TIMER: vector=0x30 apic1=0 pin1=2 apic2=-1 pin2=-1
[    3.767743] smpboot: CPU0: Intel(R) Core(TM) i7-3840QM CPU @ 2.80GHz (family: 0x6, model: 0x3a, stepping: 0x9)
[    3.872640] Performance Events: unsupported p6 CPU model 58 no PMU driver, software events only.
[    3.915572] KVM setup paravirtual spinlock
[    3.947692] x86: Booting SMP configuration:
[    3.993016] .... node  #0, CPUs:      #1
[    4.019763] kvm-clock: cpu 1, msr 0:3ffe3041, secondary cpu clock
[    4.028509] mce: CPU supports 0 MCE banks
[    4.076115] x86: Booted up 1 node, 2 CPUs
[    4.107545] smpboot: Total of 2 processors activated (11174.53 BogoMIPS)
[    4.138176] devtmpfs: initialized
[    4.161970] evm: security.selinux
[    4.188185] evm: security.SMACK64
[    4.194387] evm: security.SMACK64EXEC
[    4.204051] evm: security.SMACK64TRANSMUTE
[    4.215854] evm: security.SMACK64MMAP
[    4.224178] evm: security.ima
[    4.254191] evm: security.capability
[    4.287182] clocksource: jiffies: mask: 0xffffffff max_cycles: 0xffffffff, max_idle_ns: 7645041785100000 ns
[    4.292245] futex hash table entries: 512 (order: 3, 32768 bytes)
[    4.342271] pinctrl core: initialized pinctrl subsystem
[    4.345682] RTC time: 15:11:03, date: 07/18/17
[    4.388604] NET: Registered protocol family 16
[    4.437168] cpuidle: using governor ladder
[    4.497200] cpuidle: using governor menu
[    4.527301] PCCT header not found.
[    4.560483] ACPI: bus type PCI registered
[    4.629311] acpiphp: ACPI Hot Plug PCI Controller Driver version: 0.5
[    4.642242] PCI: Using configuration type 1 for base access
[    4.736091] ACPI: Added _OSI(Module Device)
[    4.769996] ACPI: Added _OSI(Processor Device)
[    4.814374] ACPI: Added _OSI(3.0 _SCP Extensions)
[    4.838135] ACPI: Added _OSI(Processor Aggregator Device)
[    4.861796] ACPI: Executed 1 blocks of module-level executable AML code
[    4.909229] ACPI: Interpreter enabled
[    4.960661] ACPI: (supports S0 S5)
[    4.984457] ACPI: Using IOAPIC for interrupt routing
[    4.990549] PCI: Using host bridge windows from ACPI; if necessary, use "pci=nocrs" and report a bug
[    5.019641] ACPI: PCI Root Bridge [PCI0] (domain 0000 [bus 00-ff])
[    5.030964] acpi PNP0A03:00: _OSC: OS supports [ASPM ClockPM Segments MSI]
[    5.051989] acpi PNP0A03:00: _OSC failed (AE_NOT_FOUND); disabling ASPM
[    5.063334] acpi PNP0A03:00: fail to add MMCONFIG information, can't access extended PCI configuration space under this bridge.
[    5.093986] PCI host bridge to bus 0000:00
[    5.128785] pci_bus 0000:00: root bus resource [io  0x0000-0x0cf7 window]
[    5.138004] pci_bus 0000:00: root bus resource [io  0x0d00-0xffff window]
[    5.163817] pci_bus 0000:00: root bus resource [mem 0x000a0000-0x000bffff window]
[    5.204285] pci_bus 0000:00: root bus resource [mem 0x40000000-0xffdfffff window]
[    5.213927] pci_bus 0000:00: root bus resource [bus 00-ff]
[    5.254358] pci 0000:00:01.1: legacy IDE quirk: reg 0x10: [io  0x01f0-0x01f7]
[    5.277764] pci 0000:00:01.1: legacy IDE quirk: reg 0x14: [io  0x03f6]
[    5.371690] pci 0000:00:01.1: legacy IDE quirk: reg 0x18: [io  0x0170-0x0177]
[    5.409341] pci 0000:00:01.1: legacy IDE quirk: reg 0x1c: [io  0x0376]
[    5.437128] pci 0000:00:07.0: quirk: [io  0x4000-0x403f] claimed by PIIX4 ACPI
[    5.461553] pci 0000:00:07.0: quirk: [io  0x4100-0x410f] claimed by PIIX4 SMB
[    5.519765] ACPI: PCI Interrupt Link [LNKA] (IRQs 5 9 10 *11)
[    5.547539] ACPI: PCI Interrupt Link [LNKB] (IRQs 5 9 10 *11)
[    5.627814] ACPI: PCI Interrupt Link [LNKC] (IRQs 5 9 *10 11)
[    5.699186] ACPI: PCI Interrupt Link [LNKD] (IRQs 5 *9 10 11)
[    5.748648] ACPI: Enabled 2 GPEs in block 00 to 07
[    5.774136] vgaarb: setting as boot device: PCI:0000:00:02.0
[    5.776248] vgaarb: device added: PCI:0000:00:02.0,decodes=io+mem,owns=io+mem,locks=none
[    5.826275] vgaarb: loaded
[    5.828148] vgaarb: bridge control possible 0000:00:02.0
[    5.882870] SCSI subsystem initialized
[    5.890459] ACPI: bus type USB registered
[    5.943121] usbcore: registered new interface driver usbfs
[    5.980121] usbcore: registered new interface driver hub
[    6.024797] usbcore: registered new device driver usb
[    6.026029] PCI: Using ACPI for IRQ routing
[    6.045537] NetLabel: Initializing
[    6.059848] NetLabel:  domain hash size = 128
[    6.108369] NetLabel:  protocols = UNLABELED CIPSOv4
[    6.128075] NetLabel:  unlabeled traffic allowed by default
[    6.150693] amd_nb: Cannot enumerate AMD northbridges
[    6.183743] clocksource: Switched to clocksource kvm-clock
[    6.283194] AppArmor: AppArmor Filesystem Enabled
[    6.313639] pnp: PnP ACPI init
[    6.359633] pnp: PnP ACPI: found 3 devices
[    6.417802] clocksource: acpi_pm: mask: 0xffffff max_cycles: 0xffffff, max_idle_ns: 2085701024 ns
[    6.459932] NET: Registered protocol family 2
[    6.514203] TCP established hash table entries: 8192 (order: 4, 65536 bytes)
[    6.543824] TCP bind hash table entries: 8192 (order: 5, 131072 bytes)
[    6.549560] TCP: Hash tables configured (established 8192 bind 8192)
[    6.556110] UDP hash table entries: 512 (order: 2, 16384 bytes)
[    6.660173] UDP-Lite hash table entries: 512 (order: 2, 16384 bytes)
[    6.683592] NET: Registered protocol family 1
[    6.694027] pci 0000:00:00.0: Limiting direct PCI/PCI transfers
[    6.773241] pci 0000:00:01.0: Activating ISA DMA hang workarounds
[    6.783203] Unpacking initramfs...
[    8.416906] Freeing initrd memory: 10828K (ffff880036aca000 - ffff88003755d000)
[    8.459169] RAPL PMU detected, API unit is 2^-32 Joules, 3 fixed counters 10737418240 ms ovfl timer
[    8.497218] hw unit of domain pp0-core 2^-0 Joules
[    8.532930] hw unit of domain package 2^-0 Joules
[    8.554210] hw unit of domain pp1-gpu 2^-0 Joules
[    8.591091] platform rtc_cmos: registered platform RTC device (no PNP device found)
[    8.624447] Scanning for low memory corruption every 60 seconds
[    8.666028] audit: initializing netlink subsys (disabled)
[    8.706993] audit: type=2000 audit(1500390666.938:1): initialized
[    8.753630] Initialise system trusted keyring
[    8.768017] HugeTLB registered 2 MB page size, pre-allocated 0 pages
[    8.797484] zbud: loaded
[    8.798382] VFS: Disk quotas dquot_6.6.0
[    8.809534] VFS: Dquot-cache hash table entries: 512 (order 0, 4096 bytes)
[    8.846757] squashfs: version 4.0 (2009/01/31) Phillip Lougher
[    8.848285] fuse init (API version 7.23)
[    8.858151] Key type big_key registered
[    8.904159] Allocating IMA MOK and blacklist keyrings.
[    8.963645] Key type asymmetric registered
[    9.006284] Asymmetric key parser 'x509' registered
[    9.063522] Block layer SCSI generic (bsg) driver version 0.4 loaded (major 249)
[    9.136990] io scheduler noop registered
[    9.138933] io scheduler deadline registered (default)
[    9.158482] io scheduler cfq registered
[    9.178484] pci_hotplug: PCI Hot Plug PCI Core version: 0.5
[    9.240903] pciehp: PCI Express Hot Plug Controller Driver version: 0.4
[    9.242435] ACPI: AC Adapter [AC] (on-line)
[    9.264407] input: Power Button as /devices/LNXSYSTM:00/LNXPWRBN:00/input/input0
[    9.288624] ACPI: Power Button [PWRF]
[    9.322212] input: Sleep Button as /devices/LNXSYSTM:00/LNXSLPBN:00/input/input1
[    9.427507] ACPI: Sleep Button [SLPF]
[    9.452161] GHES: HEST is not enabled!
[    9.464038] ACPI: Battery Slot [BAT0] (battery present)
[    9.475704] Serial: 8250/16550 driver, 32 ports, IRQ sharing enabled
[    9.540051] 00:02: ttyS0 at I/O 0x3f8 (irq = 4, base_baud = 115200) is a 16550A
[    9.587922] tsc: Refined TSC clocksource calibration: 2794.538 MHz
[    9.587924] clocksource: tsc: mask: 0xffffffffffffffff max_cycles: 0x284818eed43, max_idle_ns: 440795222936 ns
[    9.710412] Linux agpgart interface v0.103
[    9.740643] loop: module loaded
[    9.764138] scsi host0: ata_piix
[    9.779071] scsi host1: ata_piix
[    9.803667] ata1: PATA max UDMA/33 cmd 0x1f0 ctl 0x3f6 bmdma 0xd000 irq 14
[    9.866663] ata2: PATA max UDMA/33 cmd 0x170 ctl 0x376 bmdma 0xd008 irq 15
[    9.949207] libphy: Fixed MDIO Bus: probed
[   10.004025] tun: Universal TUN/TAP device driver, 1.6
[   10.038616] tun: (C) 1999-2004 Max Krasnyansky <maxk@qualcomm.com>
[   10.053538] PPP generic driver version 2.4.2
[   10.153683] ehci_hcd: USB 2.0 'Enhanced' Host Controller (EHCI) Driver
[   10.204333] ehci-pci: EHCI PCI platform driver
[   10.288813] ehci-platform: EHCI generic platform driver
[   10.332584] ohci_hcd: USB 1.1 'Open' Host Controller (OHCI) Driver
[   10.403840] ohci-pci: OHCI PCI platform driver
[   10.413821] ohci-platform: OHCI generic platform driver
[   10.438707] uhci_hcd: USB Universal Host Controller Interface driver
[   10.464300] i8042: PNP: PS/2 Controller [PNP0303:PS2K,PNP0f03:PS2M] at 0x60,0x64 irq 1,12
[   10.506876] serio: i8042 KBD port at 0x60,0x64 irq 1
[   10.538495] serio: i8042 AUX port at 0x60,0x64 irq 12
[   10.550932] mousedev: PS/2 mouse device common for all mice
[   10.582342] rtc_cmos rtc_cmos: rtc core: registered rtc_cmos as rtc0
[   10.609252] input: AT Translated Set 2 keyboard as /devices/platform/i8042/serio0/input/input2
[   10.643732] rtc_cmos rtc_cmos: alarms up to one day, 114 bytes nvram
[   10.712227] i2c /dev entries driver
[   10.718409] device-mapper: uevent: version 1.0.3
[   10.719422] device-mapper: ioctl: 4.34.0-ioctl (2015-10-28) initialised: dm-devel@redhat.com
[   10.730023] ledtrig-cpu: registered to indicate activity on CPUs
[   10.764141] NET: Registered protocol family 10
[   10.800118] NET: Registered protocol family 17
[   10.848687] Key type dns_resolver registered
[   10.881763] microcode: CPU0 sig=0x306a9, pf=0x2, revision=0x19
[   10.986580] microcode: CPU1 sig=0x306a9, pf=0x2, revision=0x19
[   11.095412] microcode: Microcode Update Driver: v2.01 <tigran@aivazian.fsnet.co.uk>, Peter Oruba
[   11.174195] registered taskstats version 1
[   11.249825] Loading compiled-in X.509 certificates
[   11.251340] Loaded X.509 cert 'Build time autogenerated kernel key: 35105354eb779045e4d9ad793dead39d5ee93f76'
[   11.331188] zswap: loaded using pool lzo/zbud
[   11.342921] Key type trusted registered
[   11.360055] Key type encrypted registered
[   11.395818] AppArmor: AppArmor sha1 policy hashing enabled
[   11.493211] ima: No TPM chip found, activating TPM-bypass!
[   11.561489] evm: HMAC attrs: 0x1
[   11.564664]   Magic number: 9:565:184
[   11.632753] rtc_cmos rtc_cmos: setting system clock to 2017-07-18 15:11:10 UTC (1500390670)
[   11.666923] BIOS EDD facility v0.16 2004-Jun-25, 0 devices found
[   11.674817] EDD information not available.
[   11.694546] Freeing unused kernel memory: 1488K (ffffffff81f45000 - ffffffff820b9000)
[   11.723698] Write protecting the kernel read-only data: 14336k
[   11.747149] Freeing unused kernel memory: 1760K (ffff880001848000 - ffff880001a00000)
[   11.836102] Freeing unused kernel memory: 112K (ffff880001de4000 - ffff880001e00000)
Loading, please wait...
starting version[   12.026814] random: systemd-udevd: uninitialized urandom read (16 bytes read, 4 bits of entropy available)
 229
[   12.027369] random: udevadm: uninitialized urandom read (16 bytes read, 4 bits of entropy available)
[   12.027404] random: udevadm: uninitialized urandom read (16 bytes read, 4 bits of entropy available)
[   12.027524] random: udevadm: uninitialized urandom read (16 bytes read, 4 bits of entropy available)
[   12.027570] random: udevadm: uninitialized urandom read (16 bytes read, 4 bits of entropy available)
[   12.027613] random: udevadm: uninitialized urandom read (16 bytes read, 4 bits of entropy available)
[   12.027655] random: udevadm: uninitialized urandom read (16 bytes read, 4 bits of entropy available)
[   12.027701] random: udevadm: uninitialized urandom read (16 bytes read, 4 bits of entropy available)
[   12.027742] random: udevadm: uninitialized urandom read (16 bytes read, 4 bits of entropy available)
[   12.027851] random: udevadm: uninitialized urandom read (16 bytes read, 4 bits of entropy available)
[   12.831096] e1000: Intel(R) PRO/1000 Network Driver - version 7.3.21-k8-NAPI
[   12.854740] e1000: Copyright (c) 1999-2006 Intel Corporation.
[   12.881291] Fusion MPT base driver 3.04.20
[   12.892558] Copyright (c) 1999-2008 LSI Corporation
[   12.918791] Fusion MPT SPI Host driver 3.04.20
[   12.951165] AVX version of gcm_enc/dec engaged.
[   13.053751] AES CTR mode by8 optimization enabled
[   13.149126] input: ImExPS/2 Generic Explorer Mouse as /devices/platform/i8042/serio1/input/input4
[   13.404810] e1000 0000:00:03.0 eth0: (PCI:33MHz:32-bit) 02:45:a7:eb:b0:fd
[   13.493754] e1000 0000:00:03.0 eth0: Intel(R) PRO/1000 Network Connection
[   13.928316] e1000 0000:00:08.0 eth1: (PCI:33MHz:32-bit) 08:00:27:9d:6f:a3
[   13.959276] e1000 0000:00:08.0 eth1: Intel(R) PRO/1000 Network Connection
[   14.340434] e1000 0000:00:09.0 eth2: (PCI:33MHz:32-bit) 08:00:27:87:9a:37
[   14.465425] e1000 0000:00:09.0 eth2: Intel(R) PRO/1000 Network Connection
[   14.478918] e1000 0000:00:09.0 enp0s9: renamed from eth2
[   14.515905] mptbase: ioc0: Initiating bringup
[   14.532052] e1000 0000:00:03.0 enp0s3: renamed from eth0
[   14.616143] e1000 0000:00:08.0 enp0s8: renamed from eth1
[   14.644569] ioc0: LSI53C1030 A0: Capabilities={Initiator}
[   14.805022] scsi host2: ioc0: LSI53C1030 A0, FwRev=00000000h, Ports=1, MaxQ=256, IRQ=20
[   14.941094] scsi 2:0:0:0: Direct-Access     VBOX     HARDDISK         1.0  PQ: 0 ANSI: 5
[   14.978435] scsi target2:0:0: Beginning Domain Validation
[   14.989935] scsi target2:0:0: Domain Validation skipping write tests
[   15.042006] scsi target2:0:0: Ending Domain Validation
[   15.088786] scsi target2:0:0: asynchronous
[   15.125228] scsi 2:0:1:0: Direct-Access     VBOX     HARDDISK         1.0  PQ: 0 ANSI: 5
[   15.194334] scsi target2:0:1: Beginning Domain Validation
[   15.201576] scsi target2:0:1: Domain Validation skipping write tests
[   15.290625] scsi target2:0:1: Ending Domain Validation
[   15.319392] scsi target2:0:1: asynchronous
[   15.377551] sd 2:0:0:0: [sda] 20971520 512-byte logical blocks: (10.7 GB/10.0 GiB)
[   15.377589] sd 2:0:0:0: Attached scsi generic sg0 type 0
[   15.409217] sd 2:0:1:0: Attached scsi generic sg1 type 0
[   15.409499] sd 2:0:1:0: [sdb] 20480 512-byte logical blocks: (10.5 MB/10.0 MiB)
[   15.409785] sd 2:0:1:0: [sdb] Write Protect is off
[   15.409875] sd 2:0:1:0: [sdb] Incomplete mode parameter data
[   15.409876] sd 2:0:1:0: [sdb] Assuming drive cache: write through
[   15.411524] sd 2:0:1:0: [sdb] Attached SCSI disk
[   15.785828] sd 2:0:0:0: [sda] Write Protect is off
[   15.818088] sd 2:0:0:0: [sda] Incomplete mode parameter data
[   15.853133] sd 2:0:0:0: [sda] Assuming drive cache: write through
[   15.893617] floppy0: no floppy controllers found
[   15.957966]  sda: sda1
[   15.971720] sd 2:0:0:0: [sda] Attached SCSI disk
Begin: Loading e[   17.279324] md: linear personality registered for level -1
ssential drivers[   17.311532] md: multipath personality registered for level -4
 ... [   17.322248] md: raid0 personality registered for level 0
[   17.345226] md: raid1 personality registered for level 1
[   17.488269] raid6: sse2x1   gen()  9381 MB/s
[   17.612239] raid6: sse2x1   xor()  7178 MB/s
[   17.763167] raid6: sse2x2   gen() 12405 MB/s
[   17.881802] raid6: sse2x2   xor()  8395 MB/s
[   17.999844] raid6: sse2x4   gen() 13509 MB/s
[   18.119917] raid6: sse2x4   xor() 10075 MB/s
[   18.142688] raid6: using algorithm sse2x4 gen() 13509 MB/s
[   18.203864] raid6: .... xor() 10075 MB/s, rmw enabled
[   18.273489] raid6: using ssse3x2 recovery algorithm
[   18.348691] xor: automatically using best checksumming function:
[   18.439807]    avx       : 19395.000 MB/sec
[   18.470229] async_tx: api initialized (async)
[   18.533488] md: raid6 personality registered for level 6
[   18.556146] md: raid5 personality registered for level 5
[   18.593609] md: raid4 personality registered for level 4
[   18.658053] md: raid10 personality registered for level 10
done.
Begin: Running /scripts/init-premount ... done.
Begin: Mounting root file system ... Begin: R[   18.740349] Btrfs loaded
unning /scripts/local-top ... done.
Begin: Running /scripts/local-premount ... Scanning for Btrfs filesystems
done.
Warning: fsck no[   18.794644] EXT4-fs (sda1): mounted filesystem with ordered data mode. Opts: (null)
t present, so skipping root file system
done.
Begin: Running /scripts/local-bottom ... done.
Begin: Running /scripts/init-bottom ... done.
[   18.927205] systemd[1]: systemd 229 running in system mode. (+PAM +AUDIT +SELINUX +IMA +APPARMOR +SMACK +SYSVINIT +UTMP +LIBCRYPTSETUP +GCRYPT +GNUTLS +ACL +XZ -LZ4 +SECCOMP +BLKID +ELFUTILS +KMOD -IDN)
[   19.017772] systemd[1]: Detected virtualization oracle.
[   19.136034] systemd[1]: Detected architecture x86-64.

Welcome to [1mUbuntu 16.04.2 LTS[0m!

[   19.277064] systemd[1]: Set hostname to <ubuntu>.
[   19.302587] systemd[1]: Initializing machine ID from random generator.
[   19.384796] systemd[1]: Installed transient /etc/machine-id file.
[   19.603065] systemd[1]: Listening on udev Control Socket.
[[0;32m  OK  [0m] Listening on udev Control Socket.
[   19.656402] systemd[1]: Created slice System Slice.
[[0;32m  OK  [0m] Created slice System Slice.
[   19.710897] systemd[1]: Listening on Journal Socket.
[[0;32m  OK  [0m] Listening on Journal Socket.
[   19.780152] systemd[1]: Starting Set console keymap...
         Starting Set console keymap...
[   19.844313] systemd[1]: Mounting Debug File System...
         Mounting Debug File System...
[   19.916674] systemd[1]: Listening on Journal Audit Socket.
[[0;32m  OK  [0m] Listening on Journal Audit Socket.
[   20.008387] systemd[1]: Listening on Journal Socket (/dev/log).
[[0;32m  OK  [0m] Listening on Journal Socket (/dev/log).
[   20.096440] systemd[1]: Created slice User and Session Slice.
[[0;32m  OK  [0m] Created slice User and Session Slice.
[   20.144237] systemd[1]: Starting Remount Root and Kernel File Systems...
[   20.148172] EXT4-fs (sda1): re-mounted. Opts: (null)
         Starting Remount Root and Kernel File Systems...
[   20.308638] systemd[1]: Starting Load Kernel Modules...
[   20.323242] Loading iSCSI transport class v2.0-870.
         Startin[   20.354134] iscsi: registered transport (tcp)
g Load Kernel Modules...
[   20.389222] iscsi: registered transport (iser)
[   20.463627] systemd[1]: Started Forward Password Requests to Wall Directory Watch.
[[0;32m  OK  [0m] Started Forward Password Requests to Wall Directory Watch.
[   20.624051] systemd[1]: Mounting POSIX Message Queue File System...
         Mounting POSIX Message Queue File System...
[   20.660260] systemd[1]: Started Trigger resolvconf update for networkd DNS.
[[0;32m  OK  [0m] Started Trigger resolvconf update for networkd DNS.
[   20.710205] systemd[1]: Reached target User and Group Name Lookups.
[[0;32m  OK  [0m] Reached target User and Group Name Lookups.
[   20.752306] systemd[1]: Mounting Huge Pages File System...
         Mounting Huge Pages File System...
[   20.824093] systemd[1]: Listening on Syslog Socket.
[[0;32m  OK  [0m] Listening on Syslog Socket.
[   20.884390] systemd[1]: Starting Journal Service...
[   20.884735] random: nonblocking pool is initialized
         Starting Journal Service...
[   21.024728] systemd[1]: Created slice system-serial\x2dgetty.slice.
[[0;32m  OK  [0m] Created slice system-serial\x2dgetty.slice.
[   21.088518] systemd[1]: Reached target Swap.
[[0;32m  OK  [0m] Reached target Swap.
[   21.172291] systemd[1]: Listening on LVM2 poll daemon socket.
[[0;32m  OK  [0m] Listening on LVM2 poll daemon socket.
[   21.264294] systemd[1]: Listening on LVM2 metadata daemon socket.
[[0;32m  OK  [0m] Listening on LVM2 metadata daemon socket.
[   21.336181] systemd[1]: Listening on Device-mapper event daemon FIFOs.
[[0;32m  OK  [0m] Listening on Device-mapper event daemon FIFOs.
[   21.388047] systemd[1]: Starting Monitoring of LVM2 mirrors, snapshots etc. using dmeventd or progress polling...
         Starting Monitoring of LVM2 mirrors... dmeventd or progress polling...
[   21.519557] systemd[1]: Listening on udev Kernel Socket.
[[0;32m  OK  [0m] Listening on udev Kernel Socket.
[   21.616432] systemd[1]: Starting Nameserver information manager...
         Starting Nameserver information manager...
[   21.676438] systemd[1]: Starting Uncomplicated firewall...
         Starting Uncomplicated firewall...
[   21.756157] systemd[1]: Starting Create list of required static device nodes for the current kernel...
         Starting Create list of required st... nodes for the current kernel...
[   21.809790] systemd[1]: Set up automount Arbitrary Executable File Formats File System Automount Point.
[[0;32m  OK  [0m] Set up automount Arbitrary Executab...ats File System Automount Point.
[   21.893068] systemd[1]: Listening on /dev/initctl Compatibility Named Pipe.
[[0;32m  OK  [0m] Listening on /dev/initctl Compatibility Named Pipe.
[   21.944185] systemd[1]: Reached target Slices.
[[0;32m  OK  [0m] Reached target Slices.
[   21.979662] systemd[1]: Reached target Encrypted Volumes.
[[0;32m  OK  [0m] Reached target Encrypted Volumes.
[   22.017509] systemd[1]: Mounted Debug File System.
[[0;32m  OK  [0m] Mounted Debug File System.
[   22.052144] systemd[1]: Mounted POSIX Message Queue File System.
[[0;32m  OK  [0m] Mounted POSIX Message Queue File System.
[   22.096517] systemd[1]: Mounted Huge Pages File System.
[[0;32m  OK  [0m] Mounted Huge Pages File System.
[   22.252531] systemd[1]: Started Journal Service.
[[0;32m  OK  [0m] Started Journal Service.
[[0;32m  OK  [0m] Started Set console keymap.
[[0;32m  OK  [0m] Started Remount Root and Kernel File Systems.
[[0;32m  OK  [0m] Started Load Kernel Modules.
[[0;32m  OK  [0m] Started Uncomplicated firewall.
[[0;32m  OK  [0m] Started Create list of required sta...ce nodes for the current kernel.
[[0;32m  OK  [0m] Started Nameserver information manager.
[[0;32m  OK  [0m] Started LVM2 metadata daemon.
         Starting Create Static Device Nodes in /dev...
         Starting Apply Kernel Variables...
         Mounting FUSE Control File System...
         Starting Load/Save Random Seed...
         Starting udev Coldplug all Devices...
         Starting Initial cloud-init job (pre-networking)...
         Starting Flush Journal to Persistent Storage...
[[0;32m  OK  [0m] Mounted FUSE Control File System.
[[0;32m  OK  [0m] Started Create Static Device Nodes in /dev.
[[0;32m  OK  [0m] Started Apply Kernel Variables.
[[0;32m  OK  [0m] Started Load/Save Random Seed.
[[0;32m  OK  [0m] Started Flush Journal to Persistent Storage.
[[0;32m  OK  [0m] Started udev Coldplug all Devices.
         Starting udev Kernel Device Manager...
[[0;32m  OK  [0m] Started udev Kernel Device Manager.
[[0;32m  OK  [0m] Started Dispatch Password Requests to Console Directory Watch.
[[0;32m  OK  [0m] Started Monitoring of LVM2 mirrors,...ng dmeventd or progress polling.
[[0;32m  OK  [0m] Reached target Local File Systems (Pre).
[[0;32m  OK  [0m] Reached target Local File Systems.
         Starting Create Volatile Files and Directories...
         Starting LSB: AppArmor initialization...
         Starting Tell Plymouth To Write Out Runtime Data...
         Starting Commit a transient machine-id on disk...
         Starting Set console font and keymap...
[[0;32m  OK  [0m] Started Create Volatile Files and Directories.
[[0;32m  OK  [0m] Started Tell Plymouth To Write Out Runtime Data.
[[0;32m  OK  [0m] Started Commit a transient machine-id on disk.
[[0;32m  OK  [0m] Found device /dev/ttyS0.
[[0;32m  OK  [0m] Listening on Load/Save RF Kill Switch Status /dev/rfkill Watch.
[   18.431129] cloud-init[450]: Cloud-init v. 0.7.9 running 'init-local' at Tue, 18 Jul 2017 15:11:22 +0000. Up 18.00 seconds.
         Starting Update UTMP about System Boot/Shutdown...
[[0;32m  OK  [0m] Reached target System Time Synchronized.
[[0;32m  OK  [0m] Started LSB: AppArmor initialization.
[[0;32m  OK  [0m] Started Set console font and keymap.
[[0;32m  OK  [0m] Started Initial cloud-init job (pre-networking).
[[0;32m  OK  [0m] Started Update UTMP about System Boot/Shutdown.
[[0;32m  OK  [0m] Reached target Network (Pre).
[[0;32m  OK  [0m] Created slice system-getty.slice.
         Starting Raise network interfaces...
[[0;32m  OK  [0m] Started Raise network interfaces.
[[0;32m  OK  [0m] Reached target Network.
         Starting Initial cloud-init job (metadata service crawler)...
[   21.538262] cloud-init[950]: Cloud-init v. 0.7.9 running 'init' at Tue, 18 Jul 2017 15:11:25 +0000. Up 21.05 seconds.
[   21.599256] cloud-init[950]: ci-info: ++++++++++++++++++++++++++++++++++++++Net device info++++++++++++++++++++++++++++++++++++++
[   21.599458] cloud-init[950]: ci-info: +--------+-------+----------------------------+---------------+-------+-------------------+
[[0;32m  OK  [0m] Started Initial cloud-init job (metadata service crawler).
[   21.599617] cloud-init[950]: ci-info: | Device |   Up  |          Address           |      Mask     | Scope |     Hw-Address    |
[   21.797276] cloud-init[950]: ci-info: +--------+-------+----------------------------+---------------+-------+-------------------+
[   21.797859] cloud-init[950]: ci-info: |   lo   |  True |         127.0.0.1          |   255.0.0.0   |   .   |         .         |
[[0;32m  OK  [0m] Reached target Cloud-config availability.
[[   21.798158] cloud-init[950]: ci-info: |   lo   |  True |          ::1/128           |       .       |  host |         .         |
[   21.957478] cloud-init[950]: ci-info: | enp0s8 | False |             .              |       .       |   .   | 08:00:27:9d:6f:a3 |
[0;32m  OK  [0m] Reached target System Initialization.
         Starting Socket activation for snappy daemon.
[   21.957659] cloud-init[950]: ci-info: | enp0s3 |  True |         10.0.2.15          | 255.255.255.0 |   .   | 02:45:a7:eb:b0:fd |
[   22.237248] cloud-init[950]: ci-info: | enp0s3 |  True | fe80::45:a7ff:feeb:b0fd/64 |       .       |  link | 02:45:a7:eb:b0:fd |
[   22.237615] cloud-init[950]: ci-info: | enp0s9 | False |             .              |       .       |   .   | 08:00:27:87:9a:37 |
[[0;32m  OK  [0m] Listening on D-Bus System Message Bus Socket.
[[   22.237859] cloud-init[950]: ci-info: +--------+-------+----------------------------+---------------+-------+-------------------+
[   22.421145] cloud-init[950]: ci-info: +++++++++++++++++++++++++++Route IPv4 info++++++++++++++++++++++++++++
[0;32m  OK  [0m] Started Daily Cleanup of Temporary Directories.
[   22.421320] cloud-init[950]: ci-info: +-------+-------------+----------+---------------+-----------+-------+
[   22.577068] cloud-init[950]: ci-info: | Route | Destination | Gateway  |    Genmask    | Interface | Flags |
[[0;32m  OK  [0m] Started Daily apt activities.
[   22.577373] cloud-init[950]: ci-info: +-------+-------------+----------+---------------+-----------+-------+
[   22.711575] cloud-init[950]: ci-info: |   0   |   0.0.0.0   | 10.0.2.2 |    0.0.0.0    |   enp0s3  |   UG  |
[   22.712007] cloud-init[950]: ci-info: |   1   |   10.0.2.0  | 0.0.0.0  | 255.255.255.0 |   enp0s3  |   U   |
[[0;32m  OK  [0m] Started ACPI Events Check.
[[   22.712290] cloud-init[950]: ci-info: +-------+-------------+----------+---------------+-----------+-------+
[   22.801180] cloud-init[950]: Generating public/private rsa key pair.
[0;32m  OK  [0m] Reached target Paths.
[   22.801352] cloud-init[950]: Your identification has been saved in /etc/ssh/ssh_host_rsa_key.
[   22.905110] cloud-init[950]: Your public key has been saved in /etc/ssh/ssh_host_rsa_key.pub.
[[0;32m  OK  [0m] Listening on UUID daemon activation socket.
[   22.905386] cloud-init[950]: The key fingerprint is:
[   23.044595] cloud-init[950]: SHA256:aK5KKbauKLfO1Zx3EXiK4X7FznvRTXEPJoLuWe6//TM root@ubuntu-xenial
[   23.045072] cloud-init[950]: The key's randomart image is:
         Starting LXD - unix socket.
[   23.045328] cloud-init[950]: +---[RSA 2048]----+
[   23.145218] cloud-init[950]: |         .       |
[[0;32m  OK  [0m] Listening on ACPID Listen Socket.
[   23.145466] cloud-init[950]: |        ... . o..|
[[   23.256421] cloud-init[950]: |      ... o. o .+|
[   23.257066] cloud-init[950]: |     . +.+..    o|
[0;32m  OK  [0m] Started Timer to automatically refresh installed snaps.
[[   23.257265] cloud-init[950]: |      =.S++  . o |
[   23.346178] cloud-init[950]: |   . * .o+... . .|
[0;32m  OK  [0m] Reached target Timers.
[   23.346431] cloud-init[950]: |..o . * o.+  .   |
[   23.405094] cloud-init[950]: |++o. . o ..... E |
[[0;32m  OK  [0m] Reached target Network is Online.
[   23.405235] cloud-init[950]: |*==o.     .oo...+|
[   23.494021] cloud-init[950]: +----[SHA256]-----+
[   23.494603] cloud-init         [950]: Starting iSCSI initiator daemon (iscsid)...Generating public/private dsa key pair.

[   23.494929] cloud-init[950]: Your identification has been saved in /etc/ssh/ssh_host_dsa_key.
[   23.588524] cloud-init[950]: Your public key has been saved in /etc/ssh/ssh_host_dsa_key.pub.
[   23.589029] cloud-init[950]: The key fingerprint is:
[[0;32m  OK  [0m] Listening on Socket activation for snappy daemon.
[   23.589247] cloud-init[950]: SHA256:Mb4NSIECwSfk7Gm+60YaYazfe7Vq4p1dRBkqZD7nfPo root@ubuntu-xenial
[   23.677441] cloud-init[950]: The key's randomart image is:
[[0;32m  OK  [0m] Listening on LXD - unix socket.
[   23.677630] cloud-init[950]: +---[DSA 1024]----+
[   23.832433] cloud-init[950]: |=+   .+   .      |
[   23.832956] cloud-init[950]: |oo...+ . . o     |
[[0;32m  OK  [0m] Started iSCSI initiator daemon (iscsid).
[   23.833222] cloud-init[950]: |.oo.  = = o      |
[   23.884997] cloud-init[950]: |oo.  . O +       |
[   23.916400] cloud-init[950]: |o=    . S o      |
[   23.935188] cloud-init[950]: |=.      .B       |
         Starting Login to default iSCSI targets...
[[0;32m  OK  [0m] Reached target Sockets.
[[0;32m  OK  [0m] Reached target Basic System.
[   23.963686] cloud-init[950]: |o+ .   .o.o      |
[   24.038804] cloud-init[950]: |..o o.oo.o       |
[   24.060850] cloud-init[950]: |o+..o=+.. E      |
[   24.061430] cloud-init[950]: +----[SHA256]-----+
[[0;32m  OK  [0m] Started FUSE filesystem for LXC.
[   24.061728] cloud-init[950]: Generating public/private ecdsa key pair.
         [   24.144432] Starting Login Service...cloud-init
[950]: Your identification has been saved in /etc/ssh/ssh_host_ecdsa_key.
[   24.176533] cloud-init[950]: Your public key has been saved in /etc/ssh/ssh_host_ecdsa_key.pub.
         Starting LSB: MD monitoring daemon...
[   24.177014] cloud-init[950]: The key fingerprint is:
[   24.262988] cloud-init[950]: SHA256:ASwaOvokRj1OMYr6Kn6xUmpKo5T5x1e7u6M+WzjePW4 root@ubuntu-xenial
[   24.263452] cloud-init[950]: The key's randomart image is:
         Starting LSB: Record successful boot for GRUB...
[   24.263686] cloud-init[950]: +---[ECDSA 256]---+
[   24.400730] cloud-init[950]: |     ..          |
[[0;32m  OK  [0m[   24.401270] ] cloud-initStarted Regular background program processing daemon.[950]: 
|  .o. ..         |
[   24.401629] cloud-init[950]: |..ooo.  .        |
[[   24.484297] cloud-init[950]: |+o.+     .       |
[   24.484976] cloud-init[950]: |+.o .   S        |
[0;32m  OK  [0m] Started D-Bus System Message Bus.
[   24.485124] cloud-init[950]: |+.++    ..       |
[   24.640515] cloud-init[950]: |.@o +  o...      |
[   24.640945] cloud-init[950]: |=+=o o.o+o.E     |         
Starting System Logging Service...
[   24.641045] cloud-init[950]: |Ooo.. o=+=Bo.    |
         Starting Pollinate to seed the pseudo random number generator...
[   24.763110] cloud-init[950]: +----[SHA256]-----+
[   24.824380] cloud-init[950]: Generating public/private ed25519 key pair.         
Starting Accounts Service...
[   24.825015] [cloud-init[0;32m  OK  [0m[950]: ] Your identification has been saved in /etc/ssh/ssh_host_ed25519_key.Started Unattended Upgrades Shutdown.

[   24.877411] cloud-init[950]: Your public key has been saved in /etc/ssh/ssh_host_ed25519_key.pub.
         Starting Apply the settings specified in cloud-config...
[   25.006896] cloud-init[950]: The key fingerprint is:
         Starting LXD - container startup/shutdown...
         Starting /etc/rc.local Compatibility...
[[0;32m  OK  [0m] Started Deferred execution scheduler.
[   25.055388] cloud-init[950]: SHA256:N/a2r2YUL5kpKUQh8vmnknGFUmCuA14zhcTS0s1dS28 root@ubuntu-xenial
[[0;32m  OK  [0m] Started ACPI event daemon.
[   25.155057] cloud-init[950]: The key's randomart image is:
[   25.202085] cloud-init[950]: +--[ED25519 256]--+
[[0;32m  OK  [0m] Started Snappy daemon.
[   25.236263] cloud-init[950]: |   =o+=oooo      |
         [   25.286901] Starting Auto import assertions from block devices...cloud-init
[950]: |  o =*o+oo o     |
[   25.332660] [cloud-init[0;32m  OK  [0m[950]: ] |  .o+ =.. o E    |Started System Logging Service.

[   25.333351] cloud-init[950]: | . o + o.. ..    |
[[0;32m  OK  [0m] Started Pollinate to seed the pseudo random number generator.
[   25.432472] cloud-init[950]: |  . o ..S =. *   |
[   25.512480] [cloud-init[0;32m  OK  [0m[950]: ] |     . +.=oo* .  |Started LXD - container startup/shutdown.

[   25.513343] [[0;32m  OK  [0m] Started /etc/rc.local Compatibility.
cloud-init[950]: |      o .. oo.   |
[   25.633004] [cloud-init[0;32m  OK  [0m[950]: ] |       .   .o.   |Started Auto import assertions from block devices.

[   25.634196] cloud-init[950]: |           ooo.  |
[   25.707103] cloud-init[950]: +----[SHA256]-----+
[[0;32m  OK  [0m] Started Login to default iSCSI targets.
[   25.746936] cloud-init[1123]: Generating locales (this might take a while)...
[[0;32m  OK  [0m] Started LSB: Record successful boot for GRUB.
[[0;32m  OK  [0m] Started LSB: MD monitoring daemon.
[[0;32m  OK  [0m] Started Login Service.
         Starting Authenticate and Authorize Users to Run Privileged Tasks...
[[0;32m  OK  [0m] Reached target Remote File Systems (Pre).
[[0;32m  OK  [0m] Reached target Remote File Systems.
         Starting LSB: VirtualBox Linux Additions...
         Starting LSB: Set the CPU Frequency Scaling governor to "ondemand"...
         Starting Permit User Sessions...
         Starting LSB: daemon to balance interrupts for SMP systems...
         Starting LSB: automatic crash report generation...
         Starting OpenBSD Secure Shell server...
[[0;32m  OK  [0m] Started Permit User Sessions.
[[0;32m  OK  [0m] Started OpenBSD Secure Shell server.
[[0;32m  OK  [0m] Started Authenticate and Authorize Users to Run Privileged Tasks.
[[0;32m  OK  [0m] Started Accounts Service.
[[0;32m  OK  [0m] Started LSB: Set the CPU Frequency Scaling governor to "ondemand".
[[0;32m  OK  [0m] Started LSB: VirtualBox Linux Additions.
         Starting Terminate Plymouth Boot Screen...
         Starting Hold until boot process finishes up...
[[0;32m  OK  [0m] Started LSB: daemon to balance interrupts for SMP systems.
[[0;32m  OK  [0m] Started LSB: automatic crash report generation.
[[0;32m  OK  [0m] Started Terminate Plymouth Boot Screen.
[[0;32m  OK  [0m] Started Hold until boot process finishes up.
[   26.597565] cloud-init[1123]:   en_US.UTF-8... done
[[0;32m  OK  [0m] Started Serial Getty on ttyS0.
[   26.653377] cloud-init[1123]: Generation complete.
[[0;32m  OK  [0m] Started Getty on tty1.
[[0;32m  OK  [0m] Reached target Login Prompts.
         Starting Set console scheme...
[[0;32m  OK  [0m] Reached target Multi-User System.
[[0;32m  OK  [0m] Reached target Graphical Interface.
         Starting Update UTMP about System Runlevel Changes...
[[0;32m  OK  [0m] Started Set console scheme.
[[0;32m  OK  [0m] Started Update UTMP about System Runlevel Changes.
         Stopping OpenBSD Secure Shell server...
[[0;32m  OK  [0m] Stopped OpenBSD Secure Shell server.
         Starting OpenBSD Secure Shell server...
[[0;32m  OK  [0m] Started OpenBSD Secure Shell server.
[[0;32m  OK  [0m] Created slice User Slice of ubuntu.
         Starting User Manager for UID 1000...
[[0;32m  OK  [0m] Started Session 1 of user ubuntu.
[[0;32m  OK  [0m] Started User Manager for UID 1000.
[   27.357456] cloud-init[1123]: Cloud-init v. 0.7.9 running 'modules:config' at Tue, 18 Jul 2017 15:11:29 +0000. Up 25.45 seconds.
[[0;32m  OK  [0m] Started Apply the settings specified in cloud-config.
         Starting Execute cloud user/final scripts...
ci-info: no authorized ssh keys fingerprints found for user ubuntu.
<14>Jul 18 15:11:32 ec2: 
<14>Jul 18 15:11:32 ec2: #############################################################
<14>Jul 18 15:11:32 ec2: -----BEGIN SSH HOST KEY FINGERPRINTS-----
<14>Jul 18 15:11:32 ec2: 1024 SHA256:Mb4NSIECwSfk7Gm+60YaYazfe7Vq4p1dRBkqZD7nfPo root@ubuntu-xenial (DSA)
<14>Jul 18 15:11:32 ec2: 256 SHA256:ASwaOvokRj1OMYr6Kn6xUmpKo5T5x1e7u6M+WzjePW4 root@ubuntu-xenial (ECDSA)
<14>Jul 18 15:11:32 ec2: 256 SHA256:N/a2r2YUL5kpKUQh8vmnknGFUmCuA14zhcTS0s1dS28 root@ubuntu-xenial (ED25519)
<14>Jul 18 15:11:32 ec2: 2048 SHA256:aK5KKbauKLfO1Zx3EXiK4X7FznvRTXEPJoLuWe6//TM root@ubuntu-xenial (RSA)
<14>Jul 18 15:11:32 ec2: -----END SSH HOST KEY FINGERPRINTS-----
<14>Jul 18 15:11:32 ec2: #############################################################
-----BEGIN SSH HOST KEY KEYS-----
ecdsa-sha2-nistp256 AAAAE2VjZHNhLXNoYTItbmlzdHAyNTYAAAAIbmlzdHAyNTYAAABBBP4PRvdmYhHSFG4ynGrDToOI7QbvnrsrfvFpIVfKREmNMVZk+s0rYGANI41P3hjEJkt+vHugED2bv0uc0weoPFk= root@ubuntu-xenial
ssh-ed25519 AAAAC3NzaC1lZDI1NTE5AAAAIEJXeahjKn2v4RIxLqnhmI6LSk9bj2FfSCV9TqbckYrO root@ubuntu-xenial
ssh-rsa AAAAB3NzaC1yc2EAAAADAQABAAABAQDJlzLm2V9fTVnvVrYHddWUpC5hpup8kwdcfbhtjt1A5MojgIXYH3mrMsWayjRnt3MExoU4qebbA9+PdHw4oFFWW5KjsUZEruQU1VMnqzGsSXebi+y4pmCv2scGDU/KewxVZsxiYg30v4eUCQvw/jGmUaOecL3AYx8ctickRh9cnaNU8eRjEzzmkyHFrXAAvjVprb1lCMNA0WCM4jyLCY7ZhwjLycq6m6WQUZIDEFqfwqI1rgiLn4sb62ujsqCjlW+yQkY4glXPqcLxgSHRvxZhWjX9hh1IqPTPemBSY81OYOFpPpiXQNHWT+KHsxXG3cOcDE1T/lY4OUue4FLeFpMP root@ubuntu-xenial
-----END SSH HOST KEY KEYS-----
[   28.476100] cloud-init[1389]: Cloud-init v. 0.7.9 running 'modules:final' at Tue, 18 Jul 2017 15:11:32 +0000. Up 27.87 seconds.
[   28.508784] cloud-init[1389]: ci-info: no authorized ssh keys fingerprints found for user ubuntu.
[   28.529672] cloud-init[1389]: Cloud-init v. 0.7.9 finished at Tue, 18 Jul 2017 15:11:32 +0000. Datasource DataSourceNoCloud [seed=/dev/sdb][dsmode=net].  Up 28.46 seconds
[[0;32m  OK  [0m] Started Execute cloud user/final scripts.
[[0;32m  OK  [0m] Reached target Cloud-init target.

Ubuntu 16.04.2 LTS ubuntu-xenial ttyS0

ubuntu-xenial login: 